2023-05-05T01:26:54.926+03:00  INFO 15256 --- [main] d.r.t.TrainOperationTestApplication      : Starting TrainOperationTestApplication using Java 17.0.6 with PID 15256 (C:\Users\maks1\Documents\DEVELOPMENT\Java\PetProjects\train_operation_test\build\classes\java\main started by maks1 in C:\Users\maks1\Documents\DEVELOPMENT\Java\PetProjects\train_operation_test)
2023-05-05T01:26:54.928+03:00  INFO 15256 --- [main] d.r.t.TrainOperationTestApplication      : No active profile set, falling back to 1 default profile: "default"
2023-05-05T01:26:55.474+03:00  INFO 15256 --- [main] .s.d.r.c.RepositoryConfigurationDelegate : Bootstrapping Spring Data JPA repositories in DEFAULT mode.
2023-05-05T01:26:55.534+03:00  INFO 15256 --- [main] .s.d.r.c.RepositoryConfigurationDelegate : Finished Spring Data repository scanning in 54 ms. Found 7 JPA repository interfaces.
2023-05-05T01:26:55.883+03:00  INFO 15256 --- [main] o.s.b.w.embedded.tomcat.TomcatWebServer  : Tomcat initialized with port(s): 8080 (http)
2023-05-05T01:26:55.890+03:00  INFO 15256 --- [main] o.apache.catalina.core.StandardService   : Starting service [Tomcat]
2023-05-05T01:26:55.890+03:00  INFO 15256 --- [main] o.apache.catalina.core.StandardEngine    : Starting Servlet engine: [Apache Tomcat/10.1.1]
2023-05-05T01:26:55.959+03:00  INFO 15256 --- [main] o.a.c.c.C.[Tomcat].[localhost].[/]       : Initializing Spring embedded WebApplicationContext
2023-05-05T01:26:55.960+03:00  INFO 15256 --- [main] w.s.c.ServletWebServerApplicationContext : Root WebApplicationContext: initialization completed in 1003 ms
2023-05-05T01:26:56.070+03:00  INFO 15256 --- [main] o.hibernate.jpa.internal.util.LogHelper  : HHH000204: Processing PersistenceUnitInfo [name: default]
2023-05-05T01:26:56.104+03:00  INFO 15256 --- [main] org.hibernate.Version                    : HHH000412: Hibernate ORM core version 6.1.5.Final
2023-05-05T01:26:56.200+03:00  WARN 15256 --- [main] org.hibernate.orm.deprecation            : HHH90000021: Encountered deprecated setting [javax.persistence.sharedCache.mode], use [jakarta.persistence.sharedCache.mode] instead
2023-05-05T01:26:56.282+03:00  INFO 15256 --- [main] com.zaxxer.hikari.HikariDataSource       : HikariPool-1 - Starting...
2023-05-05T01:26:56.400+03:00  INFO 15256 --- [main] com.zaxxer.hikari.pool.HikariPool        : HikariPool-1 - Added connection org.postgresql.jdbc.PgConnection@2ee92e7d
2023-05-05T01:26:56.402+03:00  INFO 15256 --- [main] com.zaxxer.hikari.HikariDataSource       : HikariPool-1 - Start completed.
2023-05-05T01:26:56.427+03:00  INFO 15256 --- [main] SQL dialect                              : HHH000400: Using dialect: org.hibernate.dialect.PostgreSQLDialect
2023-05-05T01:26:56.624+03:00  INFO 15256 --- [main] o.h.c.beanvalidation.TypeSafeActivator   : Error calling `jakarta.validation.Validation#buildDefaultValidatorFactory`

jakarta.validation.NoProviderFoundException: Unable to create a Configuration, because no Jakarta Bean Validation provider could be found. Add a provider like Hibernate Validator (RI) to your classpath.
	at jakarta.validation.Validation$GenericBootstrapImpl.configure(Validation.java:291) ~[jakarta.validation-api-3.0.2.jar:na]
	at jakarta.validation.Validation.buildDefaultValidatorFactory(Validation.java:103) ~[jakarta.validation-api-3.0.2.jar:na]
	at org.hibernate.cfg.beanvalidation.TypeSafeActivator.getValidatorFactory(TypeSafeActivator.java:479) ~[hibernate-core-6.1.5.Final.jar:6.1.5.Final]
	at org.hibernate.cfg.beanvalidation.TypeSafeActivator.activate(TypeSafeActivator.java:82) ~[hibernate-core-6.1.5.Final.jar:6.1.5.Final]
	at java.base/jdk.internal.reflect.NativeMethodAccessorImpl.invoke0(Native Method) ~[na:na]
	at java.base/jdk.internal.reflect.NativeMethodAccessorImpl.invoke(NativeMethodAccessorImpl.java:77) ~[na:na]
	at java.base/jdk.internal.reflect.DelegatingMethodAccessorImpl.invoke(DelegatingMethodAccessorImpl.java:43) ~[na:na]
	at java.base/java.lang.reflect.Method.invoke(Method.java:568) ~[na:na]
	at org.hibernate.cfg.beanvalidation.BeanValidationIntegrator.integrate(BeanValidationIntegrator.java:137) ~[hibernate-core-6.1.5.Final.jar:6.1.5.Final]
	at org.hibernate.internal.SessionFactoryImpl.<init>(SessionFactoryImpl.java:285) ~[hibernate-core-6.1.5.Final.jar:6.1.5.Final]
	at org.hibernate.boot.internal.SessionFactoryBuilderImpl.build(SessionFactoryBuilderImpl.java:415) ~[hibernate-core-6.1.5.Final.jar:6.1.5.Final]
	at org.hibernate.jpa.boot.internal.EntityManagerFactoryBuilderImpl.build(EntityManagerFactoryBuilderImpl.java:1425) ~[hibernate-core-6.1.5.Final.jar:6.1.5.Final]
	at org.springframework.orm.jpa.vendor.SpringHibernateJpaPersistenceProvider.createContainerEntityManagerFactory(SpringHibernateJpaPersistenceProvider.java:66) ~[spring-orm-6.0.2.jar:6.0.2]
	at org.springframework.orm.jpa.LocalContainerEntityManagerFactoryBean.createNativeEntityManagerFactory(LocalContainerEntityManagerFactoryBean.java:376) ~[spring-orm-6.0.2.jar:6.0.2]
	at org.springframework.orm.jpa.AbstractEntityManagerFactoryBean.buildNativeEntityManagerFactory(AbstractEntityManagerFactoryBean.java:409) ~[spring-orm-6.0.2.jar:6.0.2]
	at org.springframework.orm.jpa.AbstractEntityManagerFactoryBean.afterPropertiesSet(AbstractEntityManagerFactoryBean.java:396) ~[spring-orm-6.0.2.jar:6.0.2]
	at org.springframework.orm.jpa.LocalContainerEntityManagerFactoryBean.afterPropertiesSet(LocalContainerEntityManagerFactoryBean.java:352) ~[spring-orm-6.0.2.jar:6.0.2]
	at org.springframework.beans.factory.support.AbstractAutowireCapableBeanFactory.invokeInitMethods(AbstractAutowireCapableBeanFactory.java:1797) ~[spring-beans-6.0.2.jar:6.0.2]
	at org.springframework.beans.factory.support.AbstractAutowireCapableBeanFactory.initializeBean(AbstractAutowireCapableBeanFactory.java:1747) ~[spring-beans-6.0.2.jar:6.0.2]
	at org.springframework.beans.factory.support.AbstractAutowireCapableBeanFactory.doCreateBean(AbstractAutowireCapableBeanFactory.java:599) ~[spring-beans-6.0.2.jar:6.0.2]
	at org.springframework.beans.factory.support.AbstractAutowireCapableBeanFactory.createBean(AbstractAutowireCapableBeanFactory.java:521) ~[spring-beans-6.0.2.jar:6.0.2]
	at org.springframework.beans.factory.support.AbstractBeanFactory.lambda$doGetBean$0(AbstractBeanFactory.java:326) ~[spring-beans-6.0.2.jar:6.0.2]
	at org.springframework.beans.factory.support.DefaultSingletonBeanRegistry.getSingleton(DefaultSingletonBeanRegistry.java:234) ~[spring-beans-6.0.2.jar:6.0.2]
	at org.springframework.beans.factory.support.AbstractBeanFactory.doGetBean(AbstractBeanFactory.java:324) ~[spring-beans-6.0.2.jar:6.0.2]
	at org.springframework.beans.factory.support.AbstractBeanFactory.getBean(AbstractBeanFactory.java:200) ~[spring-beans-6.0.2.jar:6.0.2]
	at org.springframework.context.support.AbstractApplicationContext.getBean(AbstractApplicationContext.java:1130) ~[spring-context-6.0.2.jar:6.0.2]
	at org.springframework.context.support.AbstractApplicationContext.finishBeanFactoryInitialization(AbstractApplicationContext.java:905) ~[spring-context-6.0.2.jar:6.0.2]
	at org.springframework.context.support.AbstractApplicationContext.refresh(AbstractApplicationContext.java:584) ~[spring-context-6.0.2.jar:6.0.2]
	at org.springframework.boot.web.servlet.context.ServletWebServerApplicationContext.refresh(ServletWebServerApplicationContext.java:146) ~[spring-boot-3.0.0.jar:3.0.0]
	at org.springframework.boot.SpringApplication.refresh(SpringApplication.java:730) ~[spring-boot-3.0.0.jar:3.0.0]
	at org.springframework.boot.SpringApplication.refreshContext(SpringApplication.java:432) ~[spring-boot-3.0.0.jar:3.0.0]
	at org.springframework.boot.SpringApplication.run(SpringApplication.java:308) ~[spring-boot-3.0.0.jar:3.0.0]
	at org.springframework.boot.SpringApplication.run(SpringApplication.java:1302) ~[spring-boot-3.0.0.jar:3.0.0]
	at org.springframework.boot.SpringApplication.run(SpringApplication.java:1291) ~[spring-boot-3.0.0.jar:3.0.0]
	at d3fix4m.ru.train_operation_test.TrainOperationTestApplication.main(TrainOperationTestApplication.java:10) ~[main/:na]

2023-05-05T01:26:57.101+03:00  INFO 15256 --- [main] o.h.e.t.j.p.i.JtaPlatformInitiator       : HHH000490: Using JtaPlatform implementation: [org.hibernate.engine.transaction.jta.platform.internal.NoJtaPlatform]
2023-05-05T01:26:57.108+03:00  INFO 15256 --- [main] j.LocalContainerEntityManagerFactoryBean : Initialized JPA EntityManagerFactory for persistence unit 'default'
2023-05-05T01:26:57.950+03:00  INFO 15256 --- [main] o.s.s.web.DefaultSecurityFilterChain     : Will secure any request with [org.springframework.security.web.session.DisableEncodeUrlFilter@7f6a6d46, org.springframework.security.web.context.request.async.WebAsyncManagerIntegrationFilter@238a7e3d, org.springframework.security.web.context.SecurityContextHolderFilter@57d7c511, org.springframework.security.web.header.HeaderWriterFilter@3bac86a3, org.springframework.security.web.authentication.logout.LogoutFilter@236206f8, org.springframework.security.web.savedrequest.RequestCacheAwareFilter@7f57a7a4, org.springframework.security.web.servletapi.SecurityContextHolderAwareRequestFilter@40239b34, org.springframework.security.web.authentication.AnonymousAuthenticationFilter@7ed5cc8c, org.springframework.security.web.access.ExceptionTranslationFilter@2b9bbaa8, org.springframework.security.web.access.intercept.AuthorizationFilter@65234a9]
2023-05-05T01:26:58.127+03:00  INFO 15256 --- [main] o.s.b.w.embedded.tomcat.TomcatWebServer  : Tomcat started on port(s): 8080 (http) with context path ''
2023-05-05T01:26:58.135+03:00  INFO 15256 --- [main] d.r.t.TrainOperationTestApplication      : Started TrainOperationTestApplication in 3.503 seconds (process running for 3.876)
2023-05-05T01:27:34.408+03:00  INFO 15256 --- [http-nio-8080-exec-1] o.a.c.c.C.[Tomcat].[localhost].[/]       : Initializing Spring DispatcherServlet 'dispatcherServlet'
2023-05-05T01:27:34.409+03:00  INFO 15256 --- [http-nio-8080-exec-1] o.s.web.servlet.DispatcherServlet        : Initializing Servlet 'dispatcherServlet'
2023-05-05T01:27:34.410+03:00  INFO 15256 --- [http-nio-8080-exec-1] o.s.web.servlet.DispatcherServlet        : Completed initialization in 1 ms
2023-05-05T01:27:34.562+03:00  INFO 15256 --- [http-nio-8080-exec-1] d.r.t.service.impl.StationServiceImpl    : Service - StationService, Method - addPlacedWagons, Status: Error
2023-05-05T01:29:16.689+03:00  INFO 15256 --- [SpringApplicationShutdownHook] j.LocalContainerEntityManagerFactoryBean : Closing JPA EntityManagerFactory for persistence unit 'default'
2023-05-05T01:29:16.691+03:00  INFO 15256 --- [SpringApplicationShutdownHook] com.zaxxer.hikari.HikariDataSource       : HikariPool-1 - Shutdown initiated...
2023-05-05T01:29:16.693+03:00  INFO 15256 --- [SpringApplicationShutdownHook] com.zaxxer.hikari.HikariDataSource       : HikariPool-1 - Shutdown completed.
2023-05-05T01:29:21.409+03:00  INFO 19332 --- [main] d.r.t.TrainOperationTestApplication      : Starting TrainOperationTestApplication using Java 17.0.6 with PID 19332 (C:\Users\maks1\Documents\DEVELOPMENT\Java\PetProjects\train_operation_test\build\classes\java\main started by maks1 in C:\Users\maks1\Documents\DEVELOPMENT\Java\PetProjects\train_operation_test)
2023-05-05T01:29:21.416+03:00  INFO 19332 --- [main] d.r.t.TrainOperationTestApplication      : No active profile set, falling back to 1 default profile: "default"
2023-05-05T01:29:21.980+03:00  INFO 19332 --- [main] .s.d.r.c.RepositoryConfigurationDelegate : Bootstrapping Spring Data JPA repositories in DEFAULT mode.
2023-05-05T01:29:22.039+03:00  INFO 19332 --- [main] .s.d.r.c.RepositoryConfigurationDelegate : Finished Spring Data repository scanning in 54 ms. Found 7 JPA repository interfaces.
2023-05-05T01:29:22.398+03:00  INFO 19332 --- [main] o.s.b.w.embedded.tomcat.TomcatWebServer  : Tomcat initialized with port(s): 8080 (http)
2023-05-05T01:29:22.404+03:00  INFO 19332 --- [main] o.apache.catalina.core.StandardService   : Starting service [Tomcat]
2023-05-05T01:29:22.405+03:00  INFO 19332 --- [main] o.apache.catalina.core.StandardEngine    : Starting Servlet engine: [Apache Tomcat/10.1.1]
2023-05-05T01:29:22.473+03:00  INFO 19332 --- [main] o.a.c.c.C.[Tomcat].[localhost].[/]       : Initializing Spring embedded WebApplicationContext
2023-05-05T01:29:22.473+03:00  INFO 19332 --- [main] w.s.c.ServletWebServerApplicationContext : Root WebApplicationContext: initialization completed in 1028 ms
2023-05-05T01:29:22.571+03:00  INFO 19332 --- [main] o.hibernate.jpa.internal.util.LogHelper  : HHH000204: Processing PersistenceUnitInfo [name: default]
2023-05-05T01:29:22.604+03:00  INFO 19332 --- [main] org.hibernate.Version                    : HHH000412: Hibernate ORM core version 6.1.5.Final
2023-05-05T01:29:22.711+03:00  WARN 19332 --- [main] org.hibernate.orm.deprecation            : HHH90000021: Encountered deprecated setting [javax.persistence.sharedCache.mode], use [jakarta.persistence.sharedCache.mode] instead
2023-05-05T01:29:22.789+03:00  INFO 19332 --- [main] com.zaxxer.hikari.HikariDataSource       : HikariPool-1 - Starting...
2023-05-05T01:29:22.913+03:00  INFO 19332 --- [main] com.zaxxer.hikari.pool.HikariPool        : HikariPool-1 - Added connection org.postgresql.jdbc.PgConnection@21dea711
2023-05-05T01:29:22.915+03:00  INFO 19332 --- [main] com.zaxxer.hikari.HikariDataSource       : HikariPool-1 - Start completed.
2023-05-05T01:29:22.944+03:00  INFO 19332 --- [main] SQL dialect                              : HHH000400: Using dialect: org.hibernate.dialect.PostgreSQLDialect
2023-05-05T01:29:23.629+03:00  INFO 19332 --- [main] o.h.e.t.j.p.i.JtaPlatformInitiator       : HHH000490: Using JtaPlatform implementation: [org.hibernate.engine.transaction.jta.platform.internal.NoJtaPlatform]
2023-05-05T01:29:23.637+03:00  INFO 19332 --- [main] j.LocalContainerEntityManagerFactoryBean : Initialized JPA EntityManagerFactory for persistence unit 'default'
2023-05-05T01:29:24.526+03:00  INFO 19332 --- [main] o.s.s.web.DefaultSecurityFilterChain     : Will secure any request with [org.springframework.security.web.session.DisableEncodeUrlFilter@13346a64, org.springframework.security.web.context.request.async.WebAsyncManagerIntegrationFilter@1802f60c, org.springframework.security.web.context.SecurityContextHolderFilter@19bbb216, org.springframework.security.web.header.HeaderWriterFilter@25da1dc9, org.springframework.security.web.authentication.logout.LogoutFilter@65b1693c, org.springframework.security.web.savedrequest.RequestCacheAwareFilter@549debdb, org.springframework.security.web.servletapi.SecurityContextHolderAwareRequestFilter@5b0d480c, org.springframework.security.web.authentication.AnonymousAuthenticationFilter@3fcb737, org.springframework.security.web.access.ExceptionTranslationFilter@19b0a9f2, org.springframework.security.web.access.intercept.AuthorizationFilter@2e03bb74]
2023-05-05T01:29:24.708+03:00  INFO 19332 --- [main] o.s.b.w.embedded.tomcat.TomcatWebServer  : Tomcat started on port(s): 8080 (http) with context path ''
2023-05-05T01:29:24.716+03:00  INFO 19332 --- [main] d.r.t.TrainOperationTestApplication      : Started TrainOperationTestApplication in 3.594 seconds (process running for 3.984)
2023-05-05T01:29:28.112+03:00  INFO 19332 --- [SpringApplicationShutdownHook] j.LocalContainerEntityManagerFactoryBean : Closing JPA EntityManagerFactory for persistence unit 'default'
2023-05-05T01:29:28.114+03:00  INFO 19332 --- [SpringApplicationShutdownHook] com.zaxxer.hikari.HikariDataSource       : HikariPool-1 - Shutdown initiated...
2023-05-05T01:29:28.116+03:00  INFO 19332 --- [SpringApplicationShutdownHook] com.zaxxer.hikari.HikariDataSource       : HikariPool-1 - Shutdown completed.
2023-05-05T01:34:59.981+03:00  INFO 17884 --- [main] d.r.t.TrainOperationTestApplication      : Starting TrainOperationTestApplication using Java 17.0.6 with PID 17884 (C:\Users\maks1\Documents\DEVELOPMENT\Java\PetProjects\train_operation_test\build\classes\java\main started by maks1 in C:\Users\maks1\Documents\DEVELOPMENT\Java\PetProjects\train_operation_test)
2023-05-05T01:34:59.984+03:00  INFO 17884 --- [main] d.r.t.TrainOperationTestApplication      : No active profile set, falling back to 1 default profile: "default"
2023-05-05T01:35:00.563+03:00  INFO 17884 --- [main] .s.d.r.c.RepositoryConfigurationDelegate : Bootstrapping Spring Data JPA repositories in DEFAULT mode.
2023-05-05T01:35:00.621+03:00  INFO 17884 --- [main] .s.d.r.c.RepositoryConfigurationDelegate : Finished Spring Data repository scanning in 52 ms. Found 7 JPA repository interfaces.
2023-05-05T01:35:00.985+03:00  INFO 17884 --- [main] o.s.b.w.embedded.tomcat.TomcatWebServer  : Tomcat initialized with port(s): 8080 (http)
2023-05-05T01:35:00.992+03:00  INFO 17884 --- [main] o.apache.catalina.core.StandardService   : Starting service [Tomcat]
2023-05-05T01:35:00.992+03:00  INFO 17884 --- [main] o.apache.catalina.core.StandardEngine    : Starting Servlet engine: [Apache Tomcat/10.1.1]
2023-05-05T01:35:01.059+03:00  INFO 17884 --- [main] o.a.c.c.C.[Tomcat].[localhost].[/]       : Initializing Spring embedded WebApplicationContext
2023-05-05T01:35:01.060+03:00  INFO 17884 --- [main] w.s.c.ServletWebServerApplicationContext : Root WebApplicationContext: initialization completed in 1046 ms
2023-05-05T01:35:01.156+03:00  INFO 17884 --- [main] o.hibernate.jpa.internal.util.LogHelper  : HHH000204: Processing PersistenceUnitInfo [name: default]
2023-05-05T01:35:01.190+03:00  INFO 17884 --- [main] org.hibernate.Version                    : HHH000412: Hibernate ORM core version 6.1.5.Final
2023-05-05T01:35:01.295+03:00  WARN 17884 --- [main] org.hibernate.orm.deprecation            : HHH90000021: Encountered deprecated setting [javax.persistence.sharedCache.mode], use [jakarta.persistence.sharedCache.mode] instead
2023-05-05T01:35:01.375+03:00  INFO 17884 --- [main] com.zaxxer.hikari.HikariDataSource       : HikariPool-1 - Starting...
2023-05-05T01:35:01.494+03:00  INFO 17884 --- [main] com.zaxxer.hikari.pool.HikariPool        : HikariPool-1 - Added connection org.postgresql.jdbc.PgConnection@3751acd7
2023-05-05T01:35:01.495+03:00  INFO 17884 --- [main] com.zaxxer.hikari.HikariDataSource       : HikariPool-1 - Start completed.
2023-05-05T01:35:01.525+03:00  INFO 17884 --- [main] SQL dialect                              : HHH000400: Using dialect: org.hibernate.dialect.PostgreSQLDialect
2023-05-05T01:35:02.213+03:00  INFO 17884 --- [main] o.h.e.t.j.p.i.JtaPlatformInitiator       : HHH000490: Using JtaPlatform implementation: [org.hibernate.engine.transaction.jta.platform.internal.NoJtaPlatform]
2023-05-05T01:35:02.220+03:00  INFO 17884 --- [main] j.LocalContainerEntityManagerFactoryBean : Initialized JPA EntityManagerFactory for persistence unit 'default'
2023-05-05T01:35:03.086+03:00  INFO 17884 --- [main] o.s.s.web.DefaultSecurityFilterChain     : Will secure any request with [org.springframework.security.web.session.DisableEncodeUrlFilter@707b38a1, org.springframework.security.web.context.request.async.WebAsyncManagerIntegrationFilter@3f267e1b, org.springframework.security.web.context.SecurityContextHolderFilter@33622388, org.springframework.security.web.header.HeaderWriterFilter@426bf2f2, org.springframework.security.web.authentication.logout.LogoutFilter@750b200b, org.springframework.security.web.savedrequest.RequestCacheAwareFilter@6e664075, org.springframework.security.web.servletapi.SecurityContextHolderAwareRequestFilter@51d9479c, org.springframework.security.web.authentication.AnonymousAuthenticationFilter@f245168, org.springframework.security.web.access.ExceptionTranslationFilter@1bfb60b7, org.springframework.security.web.access.intercept.AuthorizationFilter@7a7bd9a8]
2023-05-05T01:35:03.262+03:00  INFO 17884 --- [main] o.s.b.w.embedded.tomcat.TomcatWebServer  : Tomcat started on port(s): 8080 (http) with context path ''
2023-05-05T01:35:03.270+03:00  INFO 17884 --- [main] d.r.t.TrainOperationTestApplication      : Started TrainOperationTestApplication in 3.579 seconds (process running for 3.967)
2023-05-05T01:35:05.176+03:00  INFO 17884 --- [http-nio-8080-exec-1] o.a.c.c.C.[Tomcat].[localhost].[/]       : Initializing Spring DispatcherServlet 'dispatcherServlet'
2023-05-05T01:35:05.176+03:00  INFO 17884 --- [http-nio-8080-exec-1] o.s.web.servlet.DispatcherServlet        : Initializing Servlet 'dispatcherServlet'
2023-05-05T01:35:05.177+03:00  INFO 17884 --- [http-nio-8080-exec-1] o.s.web.servlet.DispatcherServlet        : Completed initialization in 1 ms
2023-05-05T01:35:07.176+03:00  INFO 17884 --- [http-nio-8080-exec-10] o.springdoc.api.AbstractOpenApiResource  : Init duration for springdoc-openapi is: 256 ms
2023-05-05T01:40:39.658+03:00  INFO 17884 --- [SpringApplicationShutdownHook] j.LocalContainerEntityManagerFactoryBean : Closing JPA EntityManagerFactory for persistence unit 'default'
2023-05-05T01:40:39.660+03:00  INFO 17884 --- [SpringApplicationShutdownHook] com.zaxxer.hikari.HikariDataSource       : HikariPool-1 - Shutdown initiated...
2023-05-05T01:40:39.663+03:00  INFO 17884 --- [SpringApplicationShutdownHook] com.zaxxer.hikari.HikariDataSource       : HikariPool-1 - Shutdown completed.
2023-05-05T01:40:42.702+03:00  INFO 5424 --- [main] d.r.t.TrainOperationTestApplication      : Starting TrainOperationTestApplication using Java 17.0.6 with PID 5424 (C:\Users\maks1\Documents\DEVELOPMENT\Java\PetProjects\train_operation_test\build\classes\java\main started by maks1 in C:\Users\maks1\Documents\DEVELOPMENT\Java\PetProjects\train_operation_test)
2023-05-05T01:40:42.704+03:00  INFO 5424 --- [main] d.r.t.TrainOperationTestApplication      : No active profile set, falling back to 1 default profile: "default"
2023-05-05T01:40:43.266+03:00  INFO 5424 --- [main] .s.d.r.c.RepositoryConfigurationDelegate : Bootstrapping Spring Data JPA repositories in DEFAULT mode.
2023-05-05T01:40:43.326+03:00  INFO 5424 --- [main] .s.d.r.c.RepositoryConfigurationDelegate : Finished Spring Data repository scanning in 54 ms. Found 7 JPA repository interfaces.
2023-05-05T01:40:43.685+03:00  INFO 5424 --- [main] o.s.b.w.embedded.tomcat.TomcatWebServer  : Tomcat initialized with port(s): 8080 (http)
2023-05-05T01:40:43.692+03:00  INFO 5424 --- [main] o.apache.catalina.core.StandardService   : Starting service [Tomcat]
2023-05-05T01:40:43.692+03:00  INFO 5424 --- [main] o.apache.catalina.core.StandardEngine    : Starting Servlet engine: [Apache Tomcat/10.1.1]
2023-05-05T01:40:43.760+03:00  INFO 5424 --- [main] o.a.c.c.C.[Tomcat].[localhost].[/]       : Initializing Spring embedded WebApplicationContext
2023-05-05T01:40:43.760+03:00  INFO 5424 --- [main] w.s.c.ServletWebServerApplicationContext : Root WebApplicationContext: initialization completed in 1023 ms
2023-05-05T01:40:43.858+03:00  INFO 5424 --- [main] o.hibernate.jpa.internal.util.LogHelper  : HHH000204: Processing PersistenceUnitInfo [name: default]
2023-05-05T01:40:43.891+03:00  INFO 5424 --- [main] org.hibernate.Version                    : HHH000412: Hibernate ORM core version 6.1.5.Final
2023-05-05T01:40:43.992+03:00  WARN 5424 --- [main] org.hibernate.orm.deprecation            : HHH90000021: Encountered deprecated setting [javax.persistence.sharedCache.mode], use [jakarta.persistence.sharedCache.mode] instead
2023-05-05T01:40:44.071+03:00  INFO 5424 --- [main] com.zaxxer.hikari.HikariDataSource       : HikariPool-1 - Starting...
2023-05-05T01:40:44.191+03:00  INFO 5424 --- [main] com.zaxxer.hikari.pool.HikariPool        : HikariPool-1 - Added connection org.postgresql.jdbc.PgConnection@1b17d8ab
2023-05-05T01:40:44.192+03:00  INFO 5424 --- [main] com.zaxxer.hikari.HikariDataSource       : HikariPool-1 - Start completed.
2023-05-05T01:40:44.221+03:00  INFO 5424 --- [main] SQL dialect                              : HHH000400: Using dialect: org.hibernate.dialect.PostgreSQLDialect
2023-05-05T01:40:44.923+03:00  INFO 5424 --- [main] o.h.e.t.j.p.i.JtaPlatformInitiator       : HHH000490: Using JtaPlatform implementation: [org.hibernate.engine.transaction.jta.platform.internal.NoJtaPlatform]
2023-05-05T01:40:44.930+03:00  INFO 5424 --- [main] j.LocalContainerEntityManagerFactoryBean : Initialized JPA EntityManagerFactory for persistence unit 'default'
2023-05-05T01:40:45.781+03:00  INFO 5424 --- [main] o.s.s.web.DefaultSecurityFilterChain     : Will secure any request with [org.springframework.security.web.session.DisableEncodeUrlFilter@4f629aa4, org.springframework.security.web.context.request.async.WebAsyncManagerIntegrationFilter@3f12676, org.springframework.security.web.context.SecurityContextHolderFilter@2bbaf983, org.springframework.security.web.header.HeaderWriterFilter@1e49a77e, org.springframework.security.web.authentication.logout.LogoutFilter@3fcb737, org.springframework.security.web.savedrequest.RequestCacheAwareFilter@1cc42abe, org.springframework.security.web.servletapi.SecurityContextHolderAwareRequestFilter@8d23cd8, org.springframework.security.web.authentication.AnonymousAuthenticationFilter@f348e10, org.springframework.security.web.access.ExceptionTranslationFilter@2b9615cb, org.springframework.security.web.access.intercept.AuthorizationFilter@2e96489b]
2023-05-05T01:40:45.956+03:00  INFO 5424 --- [main] o.s.b.w.embedded.tomcat.TomcatWebServer  : Tomcat started on port(s): 8080 (http) with context path ''
2023-05-05T01:40:45.964+03:00  INFO 5424 --- [main] d.r.t.TrainOperationTestApplication      : Started TrainOperationTestApplication in 3.553 seconds (process running for 3.934)
2023-05-05T01:40:59.060+03:00  INFO 5424 --- [http-nio-8080-exec-1] o.a.c.c.C.[Tomcat].[localhost].[/]       : Initializing Spring DispatcherServlet 'dispatcherServlet'
2023-05-05T01:40:59.060+03:00  INFO 5424 --- [http-nio-8080-exec-1] o.s.web.servlet.DispatcherServlet        : Initializing Servlet 'dispatcherServlet'
2023-05-05T01:40:59.061+03:00  INFO 5424 --- [http-nio-8080-exec-1] o.s.web.servlet.DispatcherServlet        : Completed initialization in 1 ms
2023-05-05T01:40:59.533+03:00  INFO 5424 --- [http-nio-8080-exec-9] o.springdoc.api.AbstractOpenApiResource  : Init duration for springdoc-openapi is: 250 ms
2023-05-05T01:46:12.054+03:00  INFO 5424 --- [SpringApplicationShutdownHook] j.LocalContainerEntityManagerFactoryBean : Closing JPA EntityManagerFactory for persistence unit 'default'
2023-05-05T01:46:12.056+03:00  INFO 5424 --- [SpringApplicationShutdownHook] com.zaxxer.hikari.HikariDataSource       : HikariPool-1 - Shutdown initiated...
2023-05-05T01:46:12.058+03:00  INFO 5424 --- [SpringApplicationShutdownHook] com.zaxxer.hikari.HikariDataSource       : HikariPool-1 - Shutdown completed.
2023-05-05T01:46:15.316+03:00  INFO 708 --- [main] d.r.t.TrainOperationTestApplication      : Starting TrainOperationTestApplication using Java 17.0.6 with PID 708 (C:\Users\maks1\Documents\DEVELOPMENT\Java\PetProjects\train_operation_test\build\classes\java\main started by maks1 in C:\Users\maks1\Documents\DEVELOPMENT\Java\PetProjects\train_operation_test)
2023-05-05T01:46:15.319+03:00  INFO 708 --- [main] d.r.t.TrainOperationTestApplication      : No active profile set, falling back to 1 default profile: "default"
2023-05-05T01:46:15.873+03:00  INFO 708 --- [main] .s.d.r.c.RepositoryConfigurationDelegate : Bootstrapping Spring Data JPA repositories in DEFAULT mode.
2023-05-05T01:46:15.934+03:00  INFO 708 --- [main] .s.d.r.c.RepositoryConfigurationDelegate : Finished Spring Data repository scanning in 55 ms. Found 7 JPA repository interfaces.
2023-05-05T01:46:16.297+03:00  INFO 708 --- [main] o.s.b.w.embedded.tomcat.TomcatWebServer  : Tomcat initialized with port(s): 8080 (http)
2023-05-05T01:46:16.303+03:00  INFO 708 --- [main] o.apache.catalina.core.StandardService   : Starting service [Tomcat]
2023-05-05T01:46:16.304+03:00  INFO 708 --- [main] o.apache.catalina.core.StandardEngine    : Starting Servlet engine: [Apache Tomcat/10.1.1]
2023-05-05T01:46:16.372+03:00  INFO 708 --- [main] o.a.c.c.C.[Tomcat].[localhost].[/]       : Initializing Spring embedded WebApplicationContext
2023-05-05T01:46:16.372+03:00  INFO 708 --- [main] w.s.c.ServletWebServerApplicationContext : Root WebApplicationContext: initialization completed in 1025 ms
2023-05-05T01:46:16.469+03:00  INFO 708 --- [main] o.hibernate.jpa.internal.util.LogHelper  : HHH000204: Processing PersistenceUnitInfo [name: default]
2023-05-05T01:46:16.501+03:00  INFO 708 --- [main] org.hibernate.Version                    : HHH000412: Hibernate ORM core version 6.1.5.Final
2023-05-05T01:46:16.602+03:00  WARN 708 --- [main] org.hibernate.orm.deprecation            : HHH90000021: Encountered deprecated setting [javax.persistence.sharedCache.mode], use [jakarta.persistence.sharedCache.mode] instead
2023-05-05T01:46:16.686+03:00  INFO 708 --- [main] com.zaxxer.hikari.HikariDataSource       : HikariPool-1 - Starting...
2023-05-05T01:46:16.805+03:00  INFO 708 --- [main] com.zaxxer.hikari.pool.HikariPool        : HikariPool-1 - Added connection org.postgresql.jdbc.PgConnection@6d969330
2023-05-05T01:46:16.806+03:00  INFO 708 --- [main] com.zaxxer.hikari.HikariDataSource       : HikariPool-1 - Start completed.
2023-05-05T01:46:16.836+03:00  INFO 708 --- [main] SQL dialect                              : HHH000400: Using dialect: org.hibernate.dialect.PostgreSQLDialect
2023-05-05T01:46:17.517+03:00  INFO 708 --- [main] o.h.e.t.j.p.i.JtaPlatformInitiator       : HHH000490: Using JtaPlatform implementation: [org.hibernate.engine.transaction.jta.platform.internal.NoJtaPlatform]
2023-05-05T01:46:17.524+03:00  INFO 708 --- [main] j.LocalContainerEntityManagerFactoryBean : Initialized JPA EntityManagerFactory for persistence unit 'default'
2023-05-05T01:46:18.371+03:00  INFO 708 --- [main] o.s.s.web.DefaultSecurityFilterChain     : Will secure any request with [org.springframework.security.web.session.DisableEncodeUrlFilter@3f22ce2a, org.springframework.security.web.context.request.async.WebAsyncManagerIntegrationFilter@64cec4d0, org.springframework.security.web.context.SecurityContextHolderFilter@6f071d0c, org.springframework.security.web.header.HeaderWriterFilter@2bbaf983, org.springframework.security.web.authentication.logout.LogoutFilter@45482f82, org.springframework.security.web.savedrequest.RequestCacheAwareFilter@357e7113, org.springframework.security.web.servletapi.SecurityContextHolderAwareRequestFilter@669469c9, org.springframework.security.web.authentication.AnonymousAuthenticationFilter@6e069ca9, org.springframework.security.web.access.ExceptionTranslationFilter@5ead245, org.springframework.security.web.access.intercept.AuthorizationFilter@1ac71b87]
2023-05-05T01:46:18.546+03:00  INFO 708 --- [main] o.s.b.w.embedded.tomcat.TomcatWebServer  : Tomcat started on port(s): 8080 (http) with context path ''
2023-05-05T01:46:18.554+03:00  INFO 708 --- [main] d.r.t.TrainOperationTestApplication      : Started TrainOperationTestApplication in 3.527 seconds (process running for 3.899)
2023-05-05T01:46:20.272+03:00  INFO 708 --- [http-nio-8080-exec-1] o.a.c.c.C.[Tomcat].[localhost].[/]       : Initializing Spring DispatcherServlet 'dispatcherServlet'
2023-05-05T01:46:20.272+03:00  INFO 708 --- [http-nio-8080-exec-1] o.s.web.servlet.DispatcherServlet        : Initializing Servlet 'dispatcherServlet'
2023-05-05T01:46:20.274+03:00  INFO 708 --- [http-nio-8080-exec-1] o.s.web.servlet.DispatcherServlet        : Completed initialization in 1 ms
2023-05-05T01:46:41.003+03:00  INFO 708 --- [http-nio-8080-exec-3] d.r.t.service.impl.AuthServiceImpl       : Service - AuthService, Method - signUp, Status: Complete
2023-05-05T01:46:41.082+03:00  INFO 708 --- [http-nio-8080-exec-3] d.r.t.service.impl.AuthServiceImpl       : Service - AuthService, Method - signIn, Status: Complete
2023-05-05T01:46:54.047+03:00  INFO 708 --- [http-nio-8080-exec-6] d.r.t.service.impl.AuthServiceImpl       : Service - AuthService, Method - signIn, Status: Complete
2023-05-05T01:47:38.106+03:00  INFO 708 --- [http-nio-8080-exec-8] d.r.t.service.impl.AuthServiceImpl       : Service - AuthService, Method - signIn, Status: Complete
2023-05-05T01:48:31.351+03:00  INFO 708 --- [SpringApplicationShutdownHook] j.LocalContainerEntityManagerFactoryBean : Closing JPA EntityManagerFactory for persistence unit 'default'
2023-05-05T01:48:31.353+03:00  INFO 708 --- [SpringApplicationShutdownHook] com.zaxxer.hikari.HikariDataSource       : HikariPool-1 - Shutdown initiated...
2023-05-05T01:48:31.355+03:00  INFO 708 --- [SpringApplicationShutdownHook] com.zaxxer.hikari.HikariDataSource       : HikariPool-1 - Shutdown completed.
2023-05-05T01:48:34.077+03:00  INFO 3160 --- [main] d.r.t.TrainOperationTestApplication      : Starting TrainOperationTestApplication using Java 17.0.6 with PID 3160 (C:\Users\maks1\Documents\DEVELOPMENT\Java\PetProjects\train_operation_test\build\classes\java\main started by maks1 in C:\Users\maks1\Documents\DEVELOPMENT\Java\PetProjects\train_operation_test)
2023-05-05T01:48:34.079+03:00  INFO 3160 --- [main] d.r.t.TrainOperationTestApplication      : No active profile set, falling back to 1 default profile: "default"
2023-05-05T01:48:34.649+03:00  INFO 3160 --- [main] .s.d.r.c.RepositoryConfigurationDelegate : Bootstrapping Spring Data JPA repositories in DEFAULT mode.
2023-05-05T01:48:34.709+03:00  INFO 3160 --- [main] .s.d.r.c.RepositoryConfigurationDelegate : Finished Spring Data repository scanning in 53 ms. Found 7 JPA repository interfaces.
2023-05-05T01:48:35.061+03:00  INFO 3160 --- [main] o.s.b.w.embedded.tomcat.TomcatWebServer  : Tomcat initialized with port(s): 8080 (http)
2023-05-05T01:48:35.068+03:00  INFO 3160 --- [main] o.apache.catalina.core.StandardService   : Starting service [Tomcat]
2023-05-05T01:48:35.068+03:00  INFO 3160 --- [main] o.apache.catalina.core.StandardEngine    : Starting Servlet engine: [Apache Tomcat/10.1.1]
2023-05-05T01:48:35.135+03:00  INFO 3160 --- [main] o.a.c.c.C.[Tomcat].[localhost].[/]       : Initializing Spring embedded WebApplicationContext
2023-05-05T01:48:35.136+03:00  INFO 3160 --- [main] w.s.c.ServletWebServerApplicationContext : Root WebApplicationContext: initialization completed in 1027 ms
2023-05-05T01:48:35.236+03:00  INFO 3160 --- [main] o.hibernate.jpa.internal.util.LogHelper  : HHH000204: Processing PersistenceUnitInfo [name: default]
2023-05-05T01:48:35.269+03:00  INFO 3160 --- [main] org.hibernate.Version                    : HHH000412: Hibernate ORM core version 6.1.5.Final
2023-05-05T01:48:35.376+03:00  WARN 3160 --- [main] org.hibernate.orm.deprecation            : HHH90000021: Encountered deprecated setting [javax.persistence.sharedCache.mode], use [jakarta.persistence.sharedCache.mode] instead
2023-05-05T01:48:35.453+03:00  INFO 3160 --- [main] com.zaxxer.hikari.HikariDataSource       : HikariPool-1 - Starting...
2023-05-05T01:48:35.569+03:00  INFO 3160 --- [main] com.zaxxer.hikari.pool.HikariPool        : HikariPool-1 - Added connection org.postgresql.jdbc.PgConnection@54489296
2023-05-05T01:48:35.570+03:00  INFO 3160 --- [main] com.zaxxer.hikari.HikariDataSource       : HikariPool-1 - Start completed.
2023-05-05T01:48:35.599+03:00  INFO 3160 --- [main] SQL dialect                              : HHH000400: Using dialect: org.hibernate.dialect.PostgreSQLDialect
2023-05-05T01:48:36.280+03:00  INFO 3160 --- [main] o.h.e.t.j.p.i.JtaPlatformInitiator       : HHH000490: Using JtaPlatform implementation: [org.hibernate.engine.transaction.jta.platform.internal.NoJtaPlatform]
2023-05-05T01:48:36.287+03:00  INFO 3160 --- [main] j.LocalContainerEntityManagerFactoryBean : Initialized JPA EntityManagerFactory for persistence unit 'default'
2023-05-05T01:48:37.102+03:00  INFO 3160 --- [main] o.s.s.web.DefaultSecurityFilterChain     : Will secure any request with [org.springframework.security.web.session.DisableEncodeUrlFilter@138d978e, org.springframework.security.web.context.request.async.WebAsyncManagerIntegrationFilter@357e7113, org.springframework.security.web.context.SecurityContextHolderFilter@3c65f2e1, org.springframework.security.web.header.HeaderWriterFilter@7f09ff10, org.springframework.security.web.authentication.logout.LogoutFilter@5b0d480c, org.springframework.security.web.savedrequest.RequestCacheAwareFilter@78f1d29, org.springframework.security.web.servletapi.SecurityContextHolderAwareRequestFilter@35e3f3b8, org.springframework.security.web.authentication.AnonymousAuthenticationFilter@8d23cd8, org.springframework.security.web.access.ExceptionTranslationFilter@5e8e02a3, org.springframework.security.web.access.intercept.AuthorizationFilter@1e49a77e]
2023-05-05T01:48:37.278+03:00  INFO 3160 --- [main] o.s.b.w.embedded.tomcat.TomcatWebServer  : Tomcat started on port(s): 8080 (http) with context path ''
2023-05-05T01:48:37.285+03:00  INFO 3160 --- [main] d.r.t.TrainOperationTestApplication      : Started TrainOperationTestApplication in 3.5 seconds (process running for 3.878)
2023-05-05T01:48:51.886+03:00  INFO 3160 --- [http-nio-8080-exec-1] o.a.c.c.C.[Tomcat].[localhost].[/]       : Initializing Spring DispatcherServlet 'dispatcherServlet'
2023-05-05T01:48:51.887+03:00  INFO 3160 --- [http-nio-8080-exec-1] o.s.web.servlet.DispatcherServlet        : Initializing Servlet 'dispatcherServlet'
2023-05-05T01:48:51.889+03:00  INFO 3160 --- [http-nio-8080-exec-1] o.s.web.servlet.DispatcherServlet        : Completed initialization in 2 ms
2023-05-05T01:48:52.305+03:00  INFO 3160 --- [http-nio-8080-exec-1] d.r.t.service.impl.AuthServiceImpl       : Service - AuthService, Method - signIn, Status: Complete
2023-05-05T01:52:08.953+03:00  INFO 3160 --- [SpringApplicationShutdownHook] j.LocalContainerEntityManagerFactoryBean : Closing JPA EntityManagerFactory for persistence unit 'default'
2023-05-05T01:52:08.955+03:00  INFO 3160 --- [SpringApplicationShutdownHook] com.zaxxer.hikari.HikariDataSource       : HikariPool-1 - Shutdown initiated...
2023-05-05T01:52:08.957+03:00  INFO 3160 --- [SpringApplicationShutdownHook] com.zaxxer.hikari.HikariDataSource       : HikariPool-1 - Shutdown completed.
2023-05-05T01:52:11.893+03:00  INFO 10960 --- [main] d.r.t.TrainOperationTestApplication      : Starting TrainOperationTestApplication using Java 17.0.6 with PID 10960 (C:\Users\maks1\Documents\DEVELOPMENT\Java\PetProjects\train_operation_test\build\classes\java\main started by maks1 in C:\Users\maks1\Documents\DEVELOPMENT\Java\PetProjects\train_operation_test)
2023-05-05T01:52:11.895+03:00  INFO 10960 --- [main] d.r.t.TrainOperationTestApplication      : No active profile set, falling back to 1 default profile: "default"
2023-05-05T01:52:12.455+03:00  INFO 10960 --- [main] .s.d.r.c.RepositoryConfigurationDelegate : Bootstrapping Spring Data JPA repositories in DEFAULT mode.
2023-05-05T01:52:12.516+03:00  INFO 10960 --- [main] .s.d.r.c.RepositoryConfigurationDelegate : Finished Spring Data repository scanning in 55 ms. Found 7 JPA repository interfaces.
2023-05-05T01:52:12.873+03:00  INFO 10960 --- [main] o.s.b.w.embedded.tomcat.TomcatWebServer  : Tomcat initialized with port(s): 8080 (http)
2023-05-05T01:52:12.879+03:00  INFO 10960 --- [main] o.apache.catalina.core.StandardService   : Starting service [Tomcat]
2023-05-05T01:52:12.879+03:00  INFO 10960 --- [main] o.apache.catalina.core.StandardEngine    : Starting Servlet engine: [Apache Tomcat/10.1.1]
2023-05-05T01:52:12.950+03:00  INFO 10960 --- [main] o.a.c.c.C.[Tomcat].[localhost].[/]       : Initializing Spring embedded WebApplicationContext
2023-05-05T01:52:12.950+03:00  INFO 10960 --- [main] w.s.c.ServletWebServerApplicationContext : Root WebApplicationContext: initialization completed in 1026 ms
2023-05-05T01:52:13.048+03:00  INFO 10960 --- [main] o.hibernate.jpa.internal.util.LogHelper  : HHH000204: Processing PersistenceUnitInfo [name: default]
2023-05-05T01:52:13.082+03:00  INFO 10960 --- [main] org.hibernate.Version                    : HHH000412: Hibernate ORM core version 6.1.5.Final
2023-05-05T01:52:13.182+03:00  WARN 10960 --- [main] org.hibernate.orm.deprecation            : HHH90000021: Encountered deprecated setting [javax.persistence.sharedCache.mode], use [jakarta.persistence.sharedCache.mode] instead
2023-05-05T01:52:13.262+03:00  INFO 10960 --- [main] com.zaxxer.hikari.HikariDataSource       : HikariPool-1 - Starting...
2023-05-05T01:52:13.383+03:00  INFO 10960 --- [main] com.zaxxer.hikari.pool.HikariPool        : HikariPool-1 - Added connection org.postgresql.jdbc.PgConnection@714e861f
2023-05-05T01:52:13.384+03:00  INFO 10960 --- [main] com.zaxxer.hikari.HikariDataSource       : HikariPool-1 - Start completed.
2023-05-05T01:52:13.414+03:00  INFO 10960 --- [main] SQL dialect                              : HHH000400: Using dialect: org.hibernate.dialect.PostgreSQLDialect
2023-05-05T01:52:14.086+03:00  INFO 10960 --- [main] o.h.e.t.j.p.i.JtaPlatformInitiator       : HHH000490: Using JtaPlatform implementation: [org.hibernate.engine.transaction.jta.platform.internal.NoJtaPlatform]
2023-05-05T01:52:14.093+03:00  INFO 10960 --- [main] j.LocalContainerEntityManagerFactoryBean : Initialized JPA EntityManagerFactory for persistence unit 'default'
2023-05-05T01:52:14.929+03:00  INFO 10960 --- [main] o.s.s.web.DefaultSecurityFilterChain     : Will secure any request with [org.springframework.security.web.session.DisableEncodeUrlFilter@f348e10, org.springframework.security.web.context.request.async.WebAsyncManagerIntegrationFilter@3f22ce2a, org.springframework.security.web.context.SecurityContextHolderFilter@1cc42abe, org.springframework.security.web.header.HeaderWriterFilter@7891742e, org.springframework.security.web.authentication.logout.LogoutFilter@4af50246, org.springframework.security.web.savedrequest.RequestCacheAwareFilter@138d978e, org.springframework.security.web.servletapi.SecurityContextHolderAwareRequestFilter@20a46227, org.springframework.security.web.authentication.AnonymousAuthenticationFilter@64cec4d0, org.springframework.security.web.access.ExceptionTranslationFilter@2eb03908, org.springframework.security.web.access.intercept.AuthorizationFilter@24ac87a]
2023-05-05T01:52:15.106+03:00  INFO 10960 --- [main] o.s.b.w.embedded.tomcat.TomcatWebServer  : Tomcat started on port(s): 8080 (http) with context path ''
2023-05-05T01:52:15.114+03:00  INFO 10960 --- [main] d.r.t.TrainOperationTestApplication      : Started TrainOperationTestApplication in 3.558 seconds (process running for 3.99)
2023-05-05T01:52:21.901+03:00  INFO 10960 --- [http-nio-8080-exec-4] o.a.c.c.C.[Tomcat].[localhost].[/]       : Initializing Spring DispatcherServlet 'dispatcherServlet'
2023-05-05T01:52:21.902+03:00  INFO 10960 --- [http-nio-8080-exec-4] o.s.web.servlet.DispatcherServlet        : Initializing Servlet 'dispatcherServlet'
2023-05-05T01:52:21.903+03:00  INFO 10960 --- [http-nio-8080-exec-4] o.s.web.servlet.DispatcherServlet        : Completed initialization in 1 ms
2023-05-05T01:54:19.828+03:00  INFO 10960 --- [SpringApplicationShutdownHook] j.LocalContainerEntityManagerFactoryBean : Closing JPA EntityManagerFactory for persistence unit 'default'
2023-05-05T01:54:19.830+03:00  INFO 10960 --- [SpringApplicationShutdownHook] com.zaxxer.hikari.HikariDataSource       : HikariPool-1 - Shutdown initiated...
2023-05-05T01:54:19.832+03:00  INFO 10960 --- [SpringApplicationShutdownHook] com.zaxxer.hikari.HikariDataSource       : HikariPool-1 - Shutdown completed.
2023-05-05T01:54:22.502+03:00  INFO 23696 --- [main] d.r.t.TrainOperationTestApplication      : Starting TrainOperationTestApplication using Java 17.0.6 with PID 23696 (C:\Users\maks1\Documents\DEVELOPMENT\Java\PetProjects\train_operation_test\build\classes\java\main started by maks1 in C:\Users\maks1\Documents\DEVELOPMENT\Java\PetProjects\train_operation_test)
2023-05-05T01:54:22.508+03:00  INFO 23696 --- [main] d.r.t.TrainOperationTestApplication      : No active profile set, falling back to 1 default profile: "default"
2023-05-05T01:54:23.058+03:00  INFO 23696 --- [main] .s.d.r.c.RepositoryConfigurationDelegate : Bootstrapping Spring Data JPA repositories in DEFAULT mode.
2023-05-05T01:54:23.129+03:00  INFO 23696 --- [main] .s.d.r.c.RepositoryConfigurationDelegate : Finished Spring Data repository scanning in 63 ms. Found 7 JPA repository interfaces.
2023-05-05T01:54:23.551+03:00  INFO 23696 --- [main] o.s.b.w.embedded.tomcat.TomcatWebServer  : Tomcat initialized with port(s): 8080 (http)
2023-05-05T01:54:23.558+03:00  INFO 23696 --- [main] o.apache.catalina.core.StandardService   : Starting service [Tomcat]
2023-05-05T01:54:23.558+03:00  INFO 23696 --- [main] o.apache.catalina.core.StandardEngine    : Starting Servlet engine: [Apache Tomcat/10.1.1]
2023-05-05T01:54:23.634+03:00  INFO 23696 --- [main] o.a.c.c.C.[Tomcat].[localhost].[/]       : Initializing Spring embedded WebApplicationContext
2023-05-05T01:54:23.635+03:00  INFO 23696 --- [main] w.s.c.ServletWebServerApplicationContext : Root WebApplicationContext: initialization completed in 1095 ms
2023-05-05T01:54:23.740+03:00  INFO 23696 --- [main] o.hibernate.jpa.internal.util.LogHelper  : HHH000204: Processing PersistenceUnitInfo [name: default]
2023-05-05T01:54:23.775+03:00  INFO 23696 --- [main] org.hibernate.Version                    : HHH000412: Hibernate ORM core version 6.1.5.Final
2023-05-05T01:54:23.871+03:00  WARN 23696 --- [main] org.hibernate.orm.deprecation            : HHH90000021: Encountered deprecated setting [javax.persistence.sharedCache.mode], use [jakarta.persistence.sharedCache.mode] instead
2023-05-05T01:54:23.951+03:00  INFO 23696 --- [main] com.zaxxer.hikari.HikariDataSource       : HikariPool-1 - Starting...
2023-05-05T01:54:24.066+03:00  INFO 23696 --- [main] com.zaxxer.hikari.pool.HikariPool        : HikariPool-1 - Added connection org.postgresql.jdbc.PgConnection@7f6b7426
2023-05-05T01:54:24.067+03:00  INFO 23696 --- [main] com.zaxxer.hikari.HikariDataSource       : HikariPool-1 - Start completed.
2023-05-05T01:54:24.094+03:00  INFO 23696 --- [main] SQL dialect                              : HHH000400: Using dialect: org.hibernate.dialect.PostgreSQLDialect
2023-05-05T01:54:24.804+03:00  INFO 23696 --- [main] o.h.e.t.j.p.i.JtaPlatformInitiator       : HHH000490: Using JtaPlatform implementation: [org.hibernate.engine.transaction.jta.platform.internal.NoJtaPlatform]
2023-05-05T01:54:24.810+03:00  INFO 23696 --- [main] j.LocalContainerEntityManagerFactoryBean : Initialized JPA EntityManagerFactory for persistence unit 'default'
2023-05-05T01:54:25.659+03:00  INFO 23696 --- [main] o.s.s.web.DefaultSecurityFilterChain     : Will secure any request with [org.springframework.security.web.session.DisableEncodeUrlFilter@23eb6d13, org.springframework.security.web.context.request.async.WebAsyncManagerIntegrationFilter@48a38a12, org.springframework.security.web.context.SecurityContextHolderFilter@25890ce3, org.springframework.security.web.header.HeaderWriterFilter@5c28009f, org.springframework.security.web.authentication.logout.LogoutFilter@21084a6d, org.springframework.security.web.authentication.www.BasicAuthenticationFilter@752180c4, org.springframework.security.web.savedrequest.RequestCacheAwareFilter@25da1dc9, org.springframework.security.web.servletapi.SecurityContextHolderAwareRequestFilter@6cfac0bd, org.springframework.security.web.authentication.AnonymousAuthenticationFilter@2aa65672, org.springframework.security.web.access.ExceptionTranslationFilter@6a26eee6, org.springframework.security.web.access.intercept.AuthorizationFilter@1bfb60b7]
2023-05-05T01:54:25.847+03:00  INFO 23696 --- [main] o.s.b.w.embedded.tomcat.TomcatWebServer  : Tomcat started on port(s): 8080 (http) with context path ''
2023-05-05T01:54:25.855+03:00  INFO 23696 --- [main] d.r.t.TrainOperationTestApplication      : Started TrainOperationTestApplication in 3.638 seconds (process running for 4.02)
2023-05-05T01:54:29.293+03:00  INFO 23696 --- [http-nio-8080-exec-2] o.a.c.c.C.[Tomcat].[localhost].[/]       : Initializing Spring DispatcherServlet 'dispatcherServlet'
2023-05-05T01:54:29.294+03:00  INFO 23696 --- [http-nio-8080-exec-2] o.s.web.servlet.DispatcherServlet        : Initializing Servlet 'dispatcherServlet'
2023-05-05T01:54:29.295+03:00  INFO 23696 --- [http-nio-8080-exec-2] o.s.web.servlet.DispatcherServlet        : Completed initialization in 1 ms
2023-05-05T01:54:44.007+03:00  INFO 23696 --- [http-nio-8080-exec-3] d.r.t.service.impl.AuthServiceImpl       : Service - AuthService, Method - signIn, Status: Complete
2023-05-05T01:58:22.896+03:00  INFO 23696 --- [SpringApplicationShutdownHook] j.LocalContainerEntityManagerFactoryBean : Closing JPA EntityManagerFactory for persistence unit 'default'
2023-05-05T01:58:22.898+03:00  INFO 23696 --- [SpringApplicationShutdownHook] com.zaxxer.hikari.HikariDataSource       : HikariPool-1 - Shutdown initiated...
2023-05-05T01:58:22.901+03:00  INFO 23696 --- [SpringApplicationShutdownHook] com.zaxxer.hikari.HikariDataSource       : HikariPool-1 - Shutdown completed.
2023-05-05T01:58:25.522+03:00  INFO 21940 --- [main] d.r.t.TrainOperationTestApplication      : Starting TrainOperationTestApplication using Java 17.0.6 with PID 21940 (C:\Users\maks1\Documents\DEVELOPMENT\Java\PetProjects\train_operation_test\build\classes\java\main started by maks1 in C:\Users\maks1\Documents\DEVELOPMENT\Java\PetProjects\train_operation_test)
2023-05-05T01:58:25.525+03:00  INFO 21940 --- [main] d.r.t.TrainOperationTestApplication      : No active profile set, falling back to 1 default profile: "default"
2023-05-05T01:58:26.131+03:00  INFO 21940 --- [main] .s.d.r.c.RepositoryConfigurationDelegate : Bootstrapping Spring Data JPA repositories in DEFAULT mode.
2023-05-05T01:58:26.191+03:00  INFO 21940 --- [main] .s.d.r.c.RepositoryConfigurationDelegate : Finished Spring Data repository scanning in 54 ms. Found 7 JPA repository interfaces.
2023-05-05T01:58:26.561+03:00  INFO 21940 --- [main] o.s.b.w.embedded.tomcat.TomcatWebServer  : Tomcat initialized with port(s): 8080 (http)
2023-05-05T01:58:26.567+03:00  INFO 21940 --- [main] o.apache.catalina.core.StandardService   : Starting service [Tomcat]
2023-05-05T01:58:26.567+03:00  INFO 21940 --- [main] o.apache.catalina.core.StandardEngine    : Starting Servlet engine: [Apache Tomcat/10.1.1]
2023-05-05T01:58:26.637+03:00  INFO 21940 --- [main] o.a.c.c.C.[Tomcat].[localhost].[/]       : Initializing Spring embedded WebApplicationContext
2023-05-05T01:58:26.638+03:00  INFO 21940 --- [main] w.s.c.ServletWebServerApplicationContext : Root WebApplicationContext: initialization completed in 1064 ms
2023-05-05T01:58:26.737+03:00  INFO 21940 --- [main] o.hibernate.jpa.internal.util.LogHelper  : HHH000204: Processing PersistenceUnitInfo [name: default]
2023-05-05T01:58:26.770+03:00  INFO 21940 --- [main] org.hibernate.Version                    : HHH000412: Hibernate ORM core version 6.1.5.Final
2023-05-05T01:58:26.870+03:00  WARN 21940 --- [main] org.hibernate.orm.deprecation            : HHH90000021: Encountered deprecated setting [javax.persistence.sharedCache.mode], use [jakarta.persistence.sharedCache.mode] instead
2023-05-05T01:58:26.949+03:00  INFO 21940 --- [main] com.zaxxer.hikari.HikariDataSource       : HikariPool-1 - Starting...
2023-05-05T01:58:27.065+03:00  INFO 21940 --- [main] com.zaxxer.hikari.pool.HikariPool        : HikariPool-1 - Added connection org.postgresql.jdbc.PgConnection@72b2c5ed
2023-05-05T01:58:27.066+03:00  INFO 21940 --- [main] com.zaxxer.hikari.HikariDataSource       : HikariPool-1 - Start completed.
2023-05-05T01:58:27.095+03:00  INFO 21940 --- [main] SQL dialect                              : HHH000400: Using dialect: org.hibernate.dialect.PostgreSQLDialect
2023-05-05T01:58:27.779+03:00  INFO 21940 --- [main] o.h.e.t.j.p.i.JtaPlatformInitiator       : HHH000490: Using JtaPlatform implementation: [org.hibernate.engine.transaction.jta.platform.internal.NoJtaPlatform]
2023-05-05T01:58:27.786+03:00  INFO 21940 --- [main] j.LocalContainerEntityManagerFactoryBean : Initialized JPA EntityManagerFactory for persistence unit 'default'
2023-05-05T01:58:28.634+03:00  INFO 21940 --- [main] o.s.s.web.DefaultSecurityFilterChain     : Will secure any request with [org.springframework.security.web.session.DisableEncodeUrlFilter@2b18b308, org.springframework.security.web.context.request.async.WebAsyncManagerIntegrationFilter@37dc7661, org.springframework.security.web.context.SecurityContextHolderFilter@3e0b1f03, org.springframework.security.web.header.HeaderWriterFilter@2e03bb74, org.springframework.security.web.authentication.logout.LogoutFilter@55c581e4, org.springframework.security.web.authentication.www.BasicAuthenticationFilter@6a30f6b1, org.springframework.security.web.savedrequest.RequestCacheAwareFilter@51d9479c, org.springframework.security.web.servletapi.SecurityContextHolderAwareRequestFilter@3fcb737, org.springframework.security.web.authentication.AnonymousAuthenticationFilter@2e015ac1, org.springframework.security.web.access.ExceptionTranslationFilter@426bf2f2, org.springframework.security.web.access.intercept.AuthorizationFilter@72b6fa98]
2023-05-05T01:58:28.815+03:00  INFO 21940 --- [main] o.s.b.w.embedded.tomcat.TomcatWebServer  : Tomcat started on port(s): 8080 (http) with context path ''
2023-05-05T01:58:28.822+03:00  INFO 21940 --- [main] d.r.t.TrainOperationTestApplication      : Started TrainOperationTestApplication in 3.596 seconds (process running for 3.965)
2023-05-05T01:58:31.419+03:00  INFO 21940 --- [http-nio-8080-exec-1] o.a.c.c.C.[Tomcat].[localhost].[/]       : Initializing Spring DispatcherServlet 'dispatcherServlet'
2023-05-05T01:58:31.419+03:00  INFO 21940 --- [http-nio-8080-exec-1] o.s.web.servlet.DispatcherServlet        : Initializing Servlet 'dispatcherServlet'
2023-05-05T01:58:31.420+03:00  INFO 21940 --- [http-nio-8080-exec-1] o.s.web.servlet.DispatcherServlet        : Completed initialization in 1 ms
2023-05-05T01:58:31.960+03:00  INFO 21940 --- [http-nio-8080-exec-4] o.springdoc.api.AbstractOpenApiResource  : Init duration for springdoc-openapi is: 242 ms
2023-05-05T01:59:46.646+03:00  INFO 21940 --- [SpringApplicationShutdownHook] j.LocalContainerEntityManagerFactoryBean : Closing JPA EntityManagerFactory for persistence unit 'default'
2023-05-05T01:59:46.648+03:00  INFO 21940 --- [SpringApplicationShutdownHook] com.zaxxer.hikari.HikariDataSource       : HikariPool-1 - Shutdown initiated...
2023-05-05T01:59:46.650+03:00  INFO 21940 --- [SpringApplicationShutdownHook] com.zaxxer.hikari.HikariDataSource       : HikariPool-1 - Shutdown completed.
2023-05-05T01:59:49.761+03:00  INFO 20468 --- [main] d.r.t.TrainOperationTestApplication      : Starting TrainOperationTestApplication using Java 17.0.6 with PID 20468 (C:\Users\maks1\Documents\DEVELOPMENT\Java\PetProjects\train_operation_test\build\classes\java\main started by maks1 in C:\Users\maks1\Documents\DEVELOPMENT\Java\PetProjects\train_operation_test)
2023-05-05T01:59:49.765+03:00  INFO 20468 --- [main] d.r.t.TrainOperationTestApplication      : No active profile set, falling back to 1 default profile: "default"
2023-05-05T01:59:50.538+03:00  INFO 20468 --- [main] .s.d.r.c.RepositoryConfigurationDelegate : Bootstrapping Spring Data JPA repositories in DEFAULT mode.
2023-05-05T01:59:50.613+03:00  INFO 20468 --- [main] .s.d.r.c.RepositoryConfigurationDelegate : Finished Spring Data repository scanning in 68 ms. Found 7 JPA repository interfaces.
2023-05-05T01:59:51.247+03:00  INFO 20468 --- [main] o.s.b.w.embedded.tomcat.TomcatWebServer  : Tomcat initialized with port(s): 8080 (http)
2023-05-05T01:59:51.255+03:00  INFO 20468 --- [main] o.apache.catalina.core.StandardService   : Starting service [Tomcat]
2023-05-05T01:59:51.256+03:00  INFO 20468 --- [main] o.apache.catalina.core.StandardEngine    : Starting Servlet engine: [Apache Tomcat/10.1.1]
2023-05-05T01:59:51.352+03:00  INFO 20468 --- [main] o.a.c.c.C.[Tomcat].[localhost].[/]       : Initializing Spring embedded WebApplicationContext
2023-05-05T01:59:51.353+03:00  INFO 20468 --- [main] w.s.c.ServletWebServerApplicationContext : Root WebApplicationContext: initialization completed in 1524 ms
2023-05-05T01:59:51.496+03:00  INFO 20468 --- [main] o.hibernate.jpa.internal.util.LogHelper  : HHH000204: Processing PersistenceUnitInfo [name: default]
2023-05-05T01:59:51.529+03:00  INFO 20468 --- [main] org.hibernate.Version                    : HHH000412: Hibernate ORM core version 6.1.5.Final
2023-05-05T01:59:51.626+03:00  WARN 20468 --- [main] org.hibernate.orm.deprecation            : HHH90000021: Encountered deprecated setting [javax.persistence.sharedCache.mode], use [jakarta.persistence.sharedCache.mode] instead
2023-05-05T01:59:51.706+03:00  INFO 20468 --- [main] com.zaxxer.hikari.HikariDataSource       : HikariPool-1 - Starting...
2023-05-05T01:59:51.824+03:00  INFO 20468 --- [main] com.zaxxer.hikari.pool.HikariPool        : HikariPool-1 - Added connection org.postgresql.jdbc.PgConnection@350ff014
2023-05-05T01:59:51.825+03:00  INFO 20468 --- [main] com.zaxxer.hikari.HikariDataSource       : HikariPool-1 - Start completed.
2023-05-05T01:59:51.855+03:00  INFO 20468 --- [main] SQL dialect                              : HHH000400: Using dialect: org.hibernate.dialect.PostgreSQLDialect
2023-05-05T01:59:52.533+03:00  INFO 20468 --- [main] o.h.e.t.j.p.i.JtaPlatformInitiator       : HHH000490: Using JtaPlatform implementation: [org.hibernate.engine.transaction.jta.platform.internal.NoJtaPlatform]
2023-05-05T01:59:52.540+03:00  INFO 20468 --- [main] j.LocalContainerEntityManagerFactoryBean : Initialized JPA EntityManagerFactory for persistence unit 'default'
2023-05-05T01:59:53.388+03:00  INFO 20468 --- [main] o.s.s.web.DefaultSecurityFilterChain     : Will secure any request with [org.springframework.security.web.session.DisableEncodeUrlFilter@67730dab, org.springframework.security.web.context.request.async.WebAsyncManagerIntegrationFilter@466cca41, org.springframework.security.web.context.SecurityContextHolderFilter@77fecd2c, org.springframework.security.web.header.HeaderWriterFilter@707b38a1, org.springframework.security.web.authentication.logout.LogoutFilter@6aaf1ce8, org.springframework.security.web.authentication.www.BasicAuthenticationFilter@3f5e64c9, org.springframework.security.web.savedrequest.RequestCacheAwareFilter@52b32622, org.springframework.security.web.servletapi.SecurityContextHolderAwareRequestFilter@21f94fe3, org.springframework.security.web.authentication.AnonymousAuthenticationFilter@7c3ae369, org.springframework.security.web.access.ExceptionTranslationFilter@6693818c, org.springframework.security.web.access.intercept.AuthorizationFilter@1d7d968c]
2023-05-05T01:59:53.558+03:00  INFO 20468 --- [main] o.s.b.w.embedded.tomcat.TomcatWebServer  : Tomcat started on port(s): 8080 (http) with context path ''
2023-05-05T01:59:53.566+03:00  INFO 20468 --- [main] d.r.t.TrainOperationTestApplication      : Started TrainOperationTestApplication in 4.281 seconds (process running for 4.666)
2023-05-05T01:59:54.652+03:00  INFO 20468 --- [http-nio-8080-exec-1] o.a.c.c.C.[Tomcat].[localhost].[/]       : Initializing Spring DispatcherServlet 'dispatcherServlet'
2023-05-05T01:59:54.653+03:00  INFO 20468 --- [http-nio-8080-exec-1] o.s.web.servlet.DispatcherServlet        : Initializing Servlet 'dispatcherServlet'
2023-05-05T01:59:54.654+03:00  INFO 20468 --- [http-nio-8080-exec-1] o.s.web.servlet.DispatcherServlet        : Completed initialization in 1 ms
2023-05-05T01:59:55.167+03:00  INFO 20468 --- [http-nio-8080-exec-9] o.springdoc.api.AbstractOpenApiResource  : Init duration for springdoc-openapi is: 222 ms
2023-05-05T02:38:02.079+03:00  INFO 20468 --- [SpringApplicationShutdownHook] j.LocalContainerEntityManagerFactoryBean : Closing JPA EntityManagerFactory for persistence unit 'default'
2023-05-05T02:38:02.082+03:00  INFO 20468 --- [SpringApplicationShutdownHook] com.zaxxer.hikari.HikariDataSource       : HikariPool-1 - Shutdown initiated...
2023-05-05T02:38:02.084+03:00  INFO 20468 --- [SpringApplicationShutdownHook] com.zaxxer.hikari.HikariDataSource       : HikariPool-1 - Shutdown completed.
